c:\users\геро\source\repos\supermarket\supermarket\x64\debug\vc143.pdb
c:\users\геро\source\repos\supermarket\supermarket\x64\debug\vc143.idb
c:\users\геро\source\repos\supermarket\supermarket\x64\debug\feedbackrepository.obj
c:\users\геро\source\repos\supermarket\supermarket\x64\debug\categoryrepository.obj
c:\users\геро\source\repos\supermarket\supermarket\x64\debug\baserepository.obj
c:\users\геро\source\repos\supermarket\supermarket\x64\debug\commandhandler.obj
c:\users\геро\source\repos\supermarket\supermarket\x64\debug\commanddispatcher.obj
c:\users\геро\source\repos\supermarket\supermarket\x64\debug\cashiercommandhandler.obj
c:\users\геро\source\repos\supermarket\supermarket\x64\debug\workerfactory.obj
c:\users\геро\source\repos\supermarket\supermarket\x64\debug\productfactory.obj
c:\users\геро\source\repos\supermarket\supermarket\x64\debug\worker.obj
c:\users\геро\source\repos\supermarket\supermarket\x64\debug\warning.obj
c:\users\геро\source\repos\supermarket\supermarket\x64\debug\transaction.obj
c:\users\геро\source\repos\supermarket\supermarket\x64\debug\productbyweight.obj
c:\users\геро\source\repos\supermarket\supermarket\x64\debug\productbyunit.obj
c:\users\геро\source\repos\supermarket\supermarket\x64\debug\product.obj
c:\users\геро\source\repos\supermarket\supermarket\x64\debug\manager.obj
c:\users\геро\source\repos\supermarket\supermarket\x64\debug\feedback.obj
c:\users\геро\source\repos\supermarket\supermarket\x64\debug\category.obj
c:\users\геро\source\repos\supermarket\supermarket\x64\debug\cashier.obj
c:\users\геро\source\repos\supermarket\supermarket\x64\debug\system.obj
c:\users\геро\source\repos\supermarket\supermarket\x64\debug\main.obj
c:\users\геро\source\repos\supermarket\supermarket\x64\debug\managercommandhandler.obj
c:\users\геро\source\repos\supermarket\supermarket\x64\debug\vector.obj
c:\users\геро\source\repos\supermarket\supermarket\x64\debug\validator.obj
c:\users\геро\source\repos\supermarket\supermarket\x64\debug\string.obj
c:\users\геро\source\repos\supermarket\supermarket\x64\debug\serializable.obj
c:\users\геро\source\repos\supermarket\supermarket\x64\debug\idgenerator.obj
c:\users\геро\source\repos\supermarket\supermarket\x64\debug\hasher.obj
c:\users\геро\source\repos\supermarket\supermarket\x64\debug\date.obj
c:\users\геро\source\repos\supermarket\supermarket\x64\debug\workerrepository.obj
c:\users\геро\source\repos\supermarket\supermarket\x64\debug\transactionrepository.obj
c:\users\геро\source\repos\supermarket\supermarket\x64\debug\productrepository.obj
c:\users\геро\source\repos\supermarket\x64\debug\supermarket.exe
c:\users\геро\source\repos\supermarket\x64\debug\supermarket.pdb
c:\users\геро\source\repos\supermarket\supermarket\x64\debug\supermarket.ilk
c:\users\геро\source\repos\supermarket\supermarket\x64\debug\commanddispatcher.obj.enc
c:\users\геро\source\repos\supermarket\supermarket\x64\debug\main.obj.enc
c:\users\геро\source\repos\supermarket\supermarket\x64\debug\manager.obj.enc
c:\users\геро\source\repos\supermarket\supermarket\x64\debug\managercommandhandler.obj.enc
c:\users\геро\source\repos\supermarket\supermarket\x64\debug\string.obj.enc
c:\users\геро\source\repos\supermarket\supermarket\x64\debug\vector.obj.enc
c:\users\геро\source\repos\supermarket\supermarket\x64\debug\worker.obj.enc
c:\users\геро\source\repos\supermarket\supermarket\x64\debug\workerrepository.obj.enc
c:\users\геро\source\repos\supermarket\supermarket\x64\debug\supermarket.tlog\cl.command.1.tlog
c:\users\геро\source\repos\supermarket\supermarket\x64\debug\supermarket.tlog\cl.items.tlog
c:\users\геро\source\repos\supermarket\supermarket\x64\debug\supermarket.tlog\cl.read.1.tlog
c:\users\геро\source\repos\supermarket\supermarket\x64\debug\supermarket.tlog\cl.write.1.tlog
c:\users\геро\source\repos\supermarket\supermarket\x64\debug\supermarket.tlog\link.command.1.tlog
c:\users\геро\source\repos\supermarket\supermarket\x64\debug\supermarket.tlog\link.read.1.tlog
c:\users\геро\source\repos\supermarket\supermarket\x64\debug\supermarket.tlog\link.secondary.1.tlog
c:\users\геро\source\repos\supermarket\supermarket\x64\debug\supermarket.tlog\link.write.1.tlog
